<?xml version="1.0" encoding="UTF-8"?>
<!-- Generated by org.testng.reporters.JUnitXMLReporter -->
<testsuite hostname="user-PC" name="Registration" tests="2" failures="2" timestamp="29 Jul 2017 09:48:16 GMT" time="19.527" errors="0">
  <testcase name="testRegistraionWithValidData" time="1.93" classname="com.companyname.projectname.testscripts.TC002_testRegistraion">
    <failure type="java.lang.NullPointerException">
      <![CDATA[java.lang.NullPointerException
	at com.companyname.projectname.pagelibrary.SignIn.clickonSignIn(SignIn.java:44)
	at com.companyname.projectname.pagelibrary.SignIn.enterDataToCreateAnAccount(SignIn.java:97)
	at com.companyname.projectname.testscripts.TC002_testRegistraion.testRegistraionWithValidData(TC002_testRegistraion.java:39)
... Removed 24 stack frames]]>
    </failure>
  </testcase> <!-- testRegistraionWithValidData -->
  <testcase name="testRegistraionWithInvalidData" time="3.024" classname="com.companyname.projectname.testscripts.TC002_testRegistraion">
    <failure type="java.lang.NullPointerException">
      <![CDATA[java.lang.NullPointerException
	at com.companyname.projectname.pagelibrary.SignIn.clickonSignIn(SignIn.java:44)
	at com.companyname.projectname.pagelibrary.SignIn.enterDataToCreateAnAccount(SignIn.java:97)
	at com.companyname.projectname.testscripts.TC002_testRegistraion.testRegistraionWithInvalidData(TC002_testRegistraion.java:55)
... Removed 24 stack frames]]>
    </failure>
  </testcase> <!-- testRegistraionWithInvalidData -->
</testsuite> <!-- Registration -->
